2022-07-04 09:53:14.003  INFO 11656 --- [Test worker] c.z.s.i.d.r.CompanyRepositoryTest        : Starting CompanyRepositoryTest using Java 16.0.2 on Zeit with PID 11656 (started by zweim in G:\ideaProject\springTest)
2022-07-04 09:53:14.010  INFO 11656 --- [Test worker] c.z.s.i.d.r.CompanyRepositoryTest        : The following 1 profile is active: "test"
2022-07-04 09:53:14.543  INFO 11656 --- [Test worker] .s.d.r.c.RepositoryConfigurationDelegate : Bootstrapping Spring Data JPA repositories in DEFAULT mode.
2022-07-04 09:53:14.624  INFO 11656 --- [Test worker] .s.d.r.c.RepositoryConfigurationDelegate : Finished Spring Data repository scanning in 71 ms. Found 1 JPA repository interfaces.
2022-07-04 09:53:15.246  INFO 11656 --- [Test worker] o.hibernate.jpa.internal.util.LogHelper  : HHH000204: Processing PersistenceUnitInfo [name: default]
2022-07-04 09:53:15.353  INFO 11656 --- [Test worker] org.hibernate.Version                    : HHH000412: Hibernate ORM core version 5.6.9.Final
2022-07-04 09:53:15.610  INFO 11656 --- [Test worker] o.hibernate.annotations.common.Version   : HCANN000001: Hibernate Commons Annotations {5.1.2.Final}
2022-07-04 09:53:15.747  INFO 11656 --- [Test worker] com.zaxxer.hikari.HikariDataSource       : HikariPool-1 - Starting...
2022-07-04 09:53:15.971  INFO 11656 --- [Test worker] com.zaxxer.hikari.HikariDataSource       : HikariPool-1 - Start completed.
2022-07-04 09:53:16.038  INFO 11656 --- [Test worker] org.hibernate.dialect.Dialect            : HHH000400: Using dialect: org.hibernate.dialect.PostgreSQL10Dialect
2022-07-04 09:53:17.624  INFO 11656 --- [Test worker] o.h.e.t.j.p.i.JtaPlatformInitiator       : HHH000490: Using JtaPlatform implementation: [org.hibernate.engine.transaction.jta.platform.internal.NoJtaPlatform]
2022-07-04 09:53:17.636  INFO 11656 --- [Test worker] j.LocalContainerEntityManagerFactoryBean : Initialized JPA EntityManagerFactory for persistence unit 'default'
2022-07-04 09:53:17.660  INFO 11656 --- [Test worker] c.z.spring.database.pool.ConnectionPool  : Init connection pool
2022-07-04 09:53:17.874  INFO 11656 --- [Test worker] com.zwei.spring.config.JpaConfiguration  : Jpa configuration is enabled
2022-07-04 09:53:18.183  INFO 11656 --- [Test worker] c.z.spring.database.pool.ConnectionPool  : Init connection pool
2022-07-04 09:53:18.211  INFO 11656 --- [Test worker] c.z.spring.database.pool.ConnectionPool  : Init connection pool
2022-07-04 09:53:18.398  INFO 11656 --- [Test worker] c.z.s.i.d.r.CompanyRepositoryTest        : Started CompanyRepositoryTest in 4.818 seconds (JVM running for 6.558)
2022-07-04 09:53:18.436  INFO 11656 --- [Test worker] o.s.t.c.transaction.TransactionContext   : Began transaction (1) for test context [DefaultTestContext@35beb15e testClass = CompanyRepositoryTest, testInstance = com.zwei.spring.integration.database.repository.CompanyRepositoryTest@62159fd, testMethod = delete@CompanyRepositoryTest, testException = [null], mergedContextConfiguration = [MergedContextConfiguration@41fe9859 testClass = CompanyRepositoryTest, locations = '{}', classes = '{class com.zwei.spring.ApplicationRunner, class com.zwei.spring.integration.annotation.TestApplicationRunner}', contextInitializerClasses = '[]', activeProfiles = '{test}', propertySourceLocations = '{}', propertySourceProperties = '{org.springframework.boot.test.context.SpringBootTestContextBootstrapper=true}', contextCustomizers = set[org.springframework.boot.test.autoconfigure.actuate.metrics.MetricsExportContextCustomizerFactory$DisableMetricExportContextCustomizer@294a6b8e, org.springframework.boot.test.autoconfigure.properties.PropertyMappingContextCustomizer@0, org.springframework.boot.test.autoconfigure.web.servlet.WebDriverContextCustomizerFactory$Customizer@1941a8ff, org.springframework.boot.test.context.filter.ExcludeFilterContextCustomizer@33fe57a9, org.springframework.boot.test.json.DuplicateJsonObjectContextCustomizerFactory$DuplicateJsonObjectContextCustomizer@5adb0db3, org.springframework.boot.test.mock.mockito.MockitoContextCustomizer@0, org.springframework.boot.test.web.client.TestRestTemplateContextCustomizer@4612b856, org.springframework.boot.test.context.SpringBootTestArgs@1, org.springframework.boot.test.context.SpringBootTestWebEnvironment@2dde1bff], contextLoader = 'org.springframework.boot.test.context.SpringBootContextLoader', parent = [null]], attributes = map['org.springframework.test.context.event.ApplicationEventsTestExecutionListener.recordApplicationEvents' -> false]]; transaction manager [org.springframework.orm.jpa.JpaTransactionManager@35b58254]; rollback [false]
2022-07-04 09:53:18.572  INFO 11656 --- [Test worker] o.s.t.c.transaction.TransactionContext   : Committed transaction for test: [DefaultTestContext@35beb15e testClass = CompanyRepositoryTest, testInstance = com.zwei.spring.integration.database.repository.CompanyRepositoryTest@62159fd, testMethod = delete@CompanyRepositoryTest, testException = [null], mergedContextConfiguration = [MergedContextConfiguration@41fe9859 testClass = CompanyRepositoryTest, locations = '{}', classes = '{class com.zwei.spring.ApplicationRunner, class com.zwei.spring.integration.annotation.TestApplicationRunner}', contextInitializerClasses = '[]', activeProfiles = '{test}', propertySourceLocations = '{}', propertySourceProperties = '{org.springframework.boot.test.context.SpringBootTestContextBootstrapper=true}', contextCustomizers = set[org.springframework.boot.test.autoconfigure.actuate.metrics.MetricsExportContextCustomizerFactory$DisableMetricExportContextCustomizer@294a6b8e, org.springframework.boot.test.autoconfigure.properties.PropertyMappingContextCustomizer@0, org.springframework.boot.test.autoconfigure.web.servlet.WebDriverContextCustomizerFactory$Customizer@1941a8ff, org.springframework.boot.test.context.filter.ExcludeFilterContextCustomizer@33fe57a9, org.springframework.boot.test.json.DuplicateJsonObjectContextCustomizerFactory$DuplicateJsonObjectContextCustomizer@5adb0db3, org.springframework.boot.test.mock.mockito.MockitoContextCustomizer@0, org.springframework.boot.test.web.client.TestRestTemplateContextCustomizer@4612b856, org.springframework.boot.test.context.SpringBootTestArgs@1, org.springframework.boot.test.context.SpringBootTestWebEnvironment@2dde1bff], contextLoader = 'org.springframework.boot.test.context.SpringBootContextLoader', parent = [null]], attributes = map['org.springframework.test.context.event.ApplicationEventsTestExecutionListener.recordApplicationEvents' -> false]]
2022-07-04 09:53:18.604  INFO 11656 --- [SpringApplicationShutdownHook] c.z.spring.database.pool.ConnectionPool  : clean connection pool
2022-07-04 09:53:18.605  INFO 11656 --- [SpringApplicationShutdownHook] c.z.spring.database.pool.ConnectionPool  : clean connection pool
2022-07-04 09:53:18.605  INFO 11656 --- [SpringApplicationShutdownHook] c.z.spring.database.pool.ConnectionPool  : clean connection pool
2022-07-04 09:53:18.606  INFO 11656 --- [SpringApplicationShutdownHook] j.LocalContainerEntityManagerFactoryBean : Closing JPA EntityManagerFactory for persistence unit 'default'
2022-07-04 09:53:18.608  INFO 11656 --- [SpringApplicationShutdownHook] com.zaxxer.hikari.HikariDataSource       : HikariPool-1 - Shutdown initiated...
2022-07-04 09:53:18.616  INFO 11656 --- [SpringApplicationShutdownHook] com.zaxxer.hikari.HikariDataSource       : HikariPool-1 - Shutdown completed.
2022-07-04 09:59:48.772  INFO 13152 --- [Test worker] c.z.s.i.d.r.CompanyRepositoryTest        : Starting CompanyRepositoryTest using Java 16.0.2 on Zeit with PID 13152 (started by zweim in G:\ideaProject\springTest)
2022-07-04 09:59:48.775  INFO 13152 --- [Test worker] c.z.s.i.d.r.CompanyRepositoryTest        : The following 1 profile is active: "test"
2022-07-04 09:59:49.787  INFO 13152 --- [Test worker] .s.d.r.c.RepositoryConfigurationDelegate : Bootstrapping Spring Data JPA repositories in DEFAULT mode.
2022-07-04 09:59:49.901  INFO 13152 --- [Test worker] .s.d.r.c.RepositoryConfigurationDelegate : Finished Spring Data repository scanning in 101 ms. Found 1 JPA repository interfaces.
2022-07-04 09:59:50.923  INFO 13152 --- [Test worker] o.hibernate.jpa.internal.util.LogHelper  : HHH000204: Processing PersistenceUnitInfo [name: default]
2022-07-04 09:59:51.003  INFO 13152 --- [Test worker] org.hibernate.Version                    : HHH000412: Hibernate ORM core version 5.6.9.Final
2022-07-04 09:59:51.246  INFO 13152 --- [Test worker] o.hibernate.annotations.common.Version   : HCANN000001: Hibernate Commons Annotations {5.1.2.Final}
2022-07-04 09:59:51.412  INFO 13152 --- [Test worker] com.zaxxer.hikari.HikariDataSource       : HikariPool-1 - Starting...
2022-07-04 09:59:51.654  INFO 13152 --- [Test worker] com.zaxxer.hikari.HikariDataSource       : HikariPool-1 - Start completed.
2022-07-04 09:59:51.738  INFO 13152 --- [Test worker] org.hibernate.dialect.Dialect            : HHH000400: Using dialect: org.hibernate.dialect.PostgreSQL10Dialect
2022-07-04 09:59:53.021  INFO 13152 --- [Test worker] o.h.e.t.j.p.i.JtaPlatformInitiator       : HHH000490: Using JtaPlatform implementation: [org.hibernate.engine.transaction.jta.platform.internal.NoJtaPlatform]
2022-07-04 09:59:53.034  INFO 13152 --- [Test worker] j.LocalContainerEntityManagerFactoryBean : Initialized JPA EntityManagerFactory for persistence unit 'default'
2022-07-04 09:59:53.059  INFO 13152 --- [Test worker] c.z.spring.database.pool.ConnectionPool  : Init connection pool
2022-07-04 09:59:53.420  INFO 13152 --- [Test worker] com.zwei.spring.config.JpaConfiguration  : Jpa configuration is enabled
2022-07-04 09:59:54.010  INFO 13152 --- [Test worker] c.z.spring.database.pool.ConnectionPool  : Init connection pool
2022-07-04 09:59:54.069  INFO 13152 --- [Test worker] c.z.spring.database.pool.ConnectionPool  : Init connection pool
2022-07-04 09:59:54.372  INFO 13152 --- [Test worker] c.z.s.i.d.r.CompanyRepositoryTest        : Started CompanyRepositoryTest in 6.168 seconds (JVM running for 8.168)
2022-07-04 09:59:54.445  INFO 13152 --- [Test worker] o.s.t.c.transaction.TransactionContext   : Began transaction (1) for test context [DefaultTestContext@41fe9859 testClass = CompanyRepositoryTest, testInstance = com.zwei.spring.integration.database.repository.CompanyRepositoryTest@1b26fac2, testMethod = delete@CompanyRepositoryTest, testException = [null], mergedContextConfiguration = [MergedContextConfiguration@5ac86ba5 testClass = CompanyRepositoryTest, locations = '{}', classes = '{class com.zwei.spring.ApplicationRunner, class com.zwei.spring.integration.annotation.TestApplicationRunner}', contextInitializerClasses = '[]', activeProfiles = '{test}', propertySourceLocations = '{}', propertySourceProperties = '{org.springframework.boot.test.context.SpringBootTestContextBootstrapper=true}', contextCustomizers = set[org.springframework.boot.test.autoconfigure.actuate.metrics.MetricsExportContextCustomizerFactory$DisableMetricExportContextCustomizer@4b1d6571, org.springframework.boot.test.autoconfigure.properties.PropertyMappingContextCustomizer@0, org.springframework.boot.test.autoconfigure.web.servlet.WebDriverContextCustomizerFactory$Customizer@22d7b4f8, org.springframework.boot.test.context.filter.ExcludeFilterContextCustomizer@4982cc36, org.springframework.boot.test.json.DuplicateJsonObjectContextCustomizerFactory$DuplicateJsonObjectContextCustomizer@3f270e0a, org.springframework.boot.test.mock.mockito.MockitoContextCustomizer@0, org.springframework.boot.test.web.client.TestRestTemplateContextCustomizer@22875539, org.springframework.boot.test.context.SpringBootTestArgs@1, org.springframework.boot.test.context.SpringBootTestWebEnvironment@15bbf42f], contextLoader = 'org.springframework.boot.test.context.SpringBootContextLoader', parent = [null]], attributes = map['org.springframework.test.context.event.ApplicationEventsTestExecutionListener.recordApplicationEvents' -> false]]; transaction manager [org.springframework.orm.jpa.JpaTransactionManager@6a562255]; rollback [false]
2022-07-04 10:00:37.614  WARN 13152 --- [HikariPool-1 housekeeper] com.zaxxer.hikari.pool.HikariPool        : HikariPool-1 - Thread starvation or clock leap detected (housekeeper delta=45s846ms266µs900ns).
